2017-09-04 20:51:10,428 [ INFO] - cn.hylexus.db.helper.TemplateGenerator -TemplateGenerator.java(83) -1. 数据表:t_user
  2017-09-04 20:51:10,603 [ INFO] - cn.hylexus.db.helper.TemplateGenerator -TemplateGenerator.java(96) -UserPO.java 实体类生成完毕
  2017-09-04 20:51:10,616 [ INFO] - cn.hylexus.db.helper.TemplateGenerator -TemplateGenerator.java(102) -UserPOMapper.java 数据访问对象生成完毕
  2017-09-04 20:51:10,651 [ INFO] - cn.hylexus.db.helper.TemplateGenerator -TemplateGenerator.java(108) -UserPOMapper.xml sql文件生成完毕
  2017-09-04 20:51:10,651 [ INFO] - cn.hylexus.db.helper.TemplateGenerator -TemplateGenerator.java(110) -
  2017-09-04 20:51:10,651 [ INFO] - cn.hylexus.db.helper.TemplateGenerator -TemplateGenerator.java(83) -2. 数据表:t_order
  2017-09-04 20:51:10,662 [ INFO] - cn.hylexus.db.helper.TemplateGenerator -TemplateGenerator.java(96) -OrderPO.java 实体类生成完毕
  2017-09-04 20:51:10,666 [ INFO] - cn.hylexus.db.helper.TemplateGenerator -TemplateGenerator.java(102) -OrderPOMapper.java 数据访问对象生成完毕
  2017-09-04 20:51:10,673 [ INFO] - cn.hylexus.db.helper.TemplateGenerator -TemplateGenerator.java(108) -OrderPOMapper.xml sql文件生成完毕
  2017-09-04 20:51:10,673 [ INFO] - cn.hylexus.db.helper.TemplateGenerator -TemplateGenerator.java(110) -
  2017-09-04 20:51:45,644 [ INFO] - cn.hylexus.db.helper.TemplateGenerator -TemplateGenerator.java(83) -1. 为数据表:t_user 生成模板
  2017-09-04 20:51:45,825 [ INFO] - cn.hylexus.db.helper.TemplateGenerator -TemplateGenerator.java(96) -UserPO.java 实体类生成完毕
  2017-09-04 20:51:45,838 [ INFO] - cn.hylexus.db.helper.TemplateGenerator -TemplateGenerator.java(102) -UserPOMapper.java 数据访问对象生成完毕
  2017-09-04 20:51:45,873 [ INFO] - cn.hylexus.db.helper.TemplateGenerator -TemplateGenerator.java(108) -UserPOMapper.xml sql文件生成完毕
  2017-09-04 20:51:45,873 [ INFO] - cn.hylexus.db.helper.TemplateGenerator -TemplateGenerator.java(110) -
  2017-09-04 20:51:45,874 [ INFO] - cn.hylexus.db.helper.TemplateGenerator -TemplateGenerator.java(83) -2. 为数据表:t_order 生成模板
  2017-09-04 20:51:45,887 [ INFO] - cn.hylexus.db.helper.TemplateGenerator -TemplateGenerator.java(96) -OrderPO.java 实体类生成完毕
  2017-09-04 20:51:45,891 [ INFO] - cn.hylexus.db.helper.TemplateGenerator -TemplateGenerator.java(102) -OrderPOMapper.java 数据访问对象生成完毕
  2017-09-04 20:51:45,900 [ INFO] - cn.hylexus.db.helper.TemplateGenerator -TemplateGenerator.java(108) -OrderPOMapper.xml sql文件生成完毕
  2017-09-04 20:51:45,901 [ INFO] - cn.hylexus.db.helper.TemplateGenerator -TemplateGenerator.java(110) -
  2017-09-04 20:52:11,744 [ INFO] - cn.hylexus.db.helper.TemplateGenerator -TemplateGenerator.java(83) -1. 为数据表:t_user 生成模板
  2017-09-04 20:52:11,928 [ INFO] - cn.hylexus.db.helper.TemplateGenerator -TemplateGenerator.java(96) -UserPO.java 实体类生成完毕
  2017-09-04 20:52:11,940 [ INFO] - cn.hylexus.db.helper.TemplateGenerator -TemplateGenerator.java(102) -UserPOMapper.java 数据访问对象生成完毕
  2017-09-04 20:52:11,979 [ INFO] - cn.hylexus.db.helper.TemplateGenerator -TemplateGenerator.java(108) -UserPOMapper.xml sql文件生成完毕
  2017-09-04 20:52:11,979 [ INFO] - cn.hylexus.db.helper.TemplateGenerator -TemplateGenerator.java(110) -
  2017-09-04 20:52:11,979 [ INFO] - cn.hylexus.db.helper.TemplateGenerator -TemplateGenerator.java(83) -2. 为数据表:t_order 生成模板
  2017-09-04 20:52:11,990 [ INFO] - cn.hylexus.db.helper.TemplateGenerator -TemplateGenerator.java(96) -OrderPO.java 实体类生成完毕
  2017-09-04 20:52:11,996 [ INFO] - cn.hylexus.db.helper.TemplateGenerator -TemplateGenerator.java(102) -OrderPOMapper.java 数据访问对象生成完毕
  2017-09-04 20:52:12,002 [ INFO] - cn.hylexus.db.helper.TemplateGenerator -TemplateGenerator.java(108) -OrderPOMapper.xml sql文件生成完毕
  2017-09-04 20:52:12,002 [ INFO] - cn.hylexus.db.helper.TemplateGenerator -TemplateGenerator.java(110) -
  2017-09-04 20:56:07,612 [ INFO] - cn.hylexus.db.helper.utils.TemplateGeneratorUtils -TemplateGeneratorUtils.java(49) -开始生成模板
  2017-09-04 20:56:07,876 [ INFO] - cn.hylexus.db.helper.TemplateGenerator -TemplateGenerator.java(83) -1. 为数据表:t_user 生成模板
  2017-09-04 20:56:08,061 [ INFO] - cn.hylexus.db.helper.TemplateGenerator -TemplateGenerator.java(96) -UserPO.java 实体类生成完毕
  2017-09-04 20:56:08,075 [ INFO] - cn.hylexus.db.helper.TemplateGenerator -TemplateGenerator.java(102) -UserPOMapper.java 数据访问对象生成完毕
  2017-09-04 20:56:08,108 [ INFO] - cn.hylexus.db.helper.TemplateGenerator -TemplateGenerator.java(108) -UserPOMapper.xml sql文件生成完毕
  2017-09-04 20:56:08,108 [ INFO] - cn.hylexus.db.helper.TemplateGenerator -TemplateGenerator.java(110) -
  2017-09-04 20:56:08,109 [ INFO] - cn.hylexus.db.helper.TemplateGenerator -TemplateGenerator.java(83) -2. 为数据表:t_order 生成模板
  2017-09-04 20:56:08,122 [ INFO] - cn.hylexus.db.helper.TemplateGenerator -TemplateGenerator.java(96) -OrderPO.java 实体类生成完毕
  2017-09-04 20:56:08,126 [ INFO] - cn.hylexus.db.helper.TemplateGenerator -TemplateGenerator.java(102) -OrderPOMapper.java 数据访问对象生成完毕
  2017-09-04 20:56:08,135 [ INFO] - cn.hylexus.db.helper.TemplateGenerator -TemplateGenerator.java(108) -OrderPOMapper.xml sql文件生成完毕
  2017-09-04 20:56:08,136 [ INFO] - cn.hylexus.db.helper.TemplateGenerator -TemplateGenerator.java(110) -
  2017-09-04 20:56:08,136 [ INFO] - cn.hylexus.db.helper.utils.TemplateGeneratorUtils -TemplateGeneratorUtils.java(56) -模板生成完毕
  